INFO 2026-02-10 02:52:23,958 middleware REQUEST | User: rijan | Method: GET | Path: /dashboard/
INFO 2026-02-10 02:52:23,973 middleware RESPONSE | Status: 200 | Time: 0.019s
INFO 2026-02-10 02:52:25,099 middleware REQUEST | User: rijan | Method: GET | Path: /dashboard/
INFO 2026-02-10 02:52:25,101 middleware RESPONSE | Status: 200 | Time: 0.004s
INFO 2026-02-10 02:52:25,948 middleware REQUEST | User: rijan | Method: GET | Path: /login/
INFO 2026-02-10 02:52:25,950 middleware RESPONSE | Status: 200 | Time: 0.005s
INFO 2026-02-10 02:52:32,479 middleware REQUEST | User: rijan | Method: POST | Path: /login/
INFO 2026-02-10 02:52:32,722 middleware RESPONSE | Status: 302 | Time: 0.246s
INFO 2026-02-10 02:52:32,827 middleware REQUEST | User: rijan | Method: GET | Path: /dashboard/
INFO 2026-02-10 02:52:32,829 middleware RESPONSE | Status: 200 | Time: 0.003s
INFO 2026-02-10 02:53:12,397 middleware REQUEST | User: rijan | Method: GET | Path: /dashboard/
INFO 2026-02-10 02:53:12,400 middleware RESPONSE | Status: 200 | Time: 0.006s
INFO 2026-02-10 02:53:22,195 middleware REQUEST | User: rijan | Method: GET | Path: /
INFO 2026-02-10 02:53:22,199 middleware RESPONSE | Status: 404 | Time: 0.006s
INFO 2026-02-10 02:53:27,430 middleware REQUEST | User: rijan | Method: GET | Path: /login/
INFO 2026-02-10 02:53:27,433 middleware RESPONSE | Status: 200 | Time: 0.006s
INFO 2026-02-10 02:53:37,339 middleware REQUEST | User: rijan | Method: POST | Path: /login/
INFO 2026-02-10 02:53:37,584 middleware RESPONSE | Status: 302 | Time: 0.249s
INFO 2026-02-10 02:53:37,676 middleware REQUEST | User: rijan | Method: GET | Path: /dashboard/
INFO 2026-02-10 02:53:37,680 middleware RESPONSE | Status: 200 | Time: 0.006s
